Flutter crash report.
Please report a bug at https://github.com/flutter/flutter/issues.

## command

flutter run

## exception

OutOfMemoryError: Out of Memory

```
#0      new Uint8List (dart:typed_data-patch/typed_data_patch.dart:2237:3)
#1      _BytesBuilder.takeBytes (dart:_internal/bytes_builder.dart:205:18)
#2      ZLibDecoder.convert (dart:io/data_transformer.dart:365:25)
#3      inflateBuffer_ (package:archive/src/zlib/_inflate_buffer_io.dart:4:33)
#4      inflateBuffer (package:archive/src/zlib/inflate_buffer.dart:6:10)
#5      ArchiveFile.decompress (package:archive/src/archive_file.dart:154:22)
#6      ArchiveFile.content (package:archive/src/archive_file.dart:125:7)
#7      _WindowsUtils._unpackArchive (package:flutter_tools/src/base/os.dart:557:45)
#8      _WindowsUtils.unzip (package:flutter_tools/src/base/os.dart:510:5)
#9      ArtifactUpdater._downloadArchive (package:flutter_tools/src/cache.dart:1162:18)
#10     _rootRunUnary (dart:async/zone.dart:1407:47)
#11     _FutureListener.handleValue (dart:async/future_impl.dart:162:18)
#12     Future._propagateToListeners.handleValueCallback (dart:async/future_impl.dart:846:45)
#13     Future._propagateToListeners (dart:async/future_impl.dart:875:13)
#14     _rootRunUnary (dart:async/zone.dart:1407:47)
#15     _FutureListener.handleValue (dart:async/future_impl.dart:162:18)
#16     Future._propagateToListeners.handleValueCallback (dart:async/future_impl.dart:846:45)
#17     Future._propagateToListeners (dart:async/future_impl.dart:875:13)
#18     Future._complete (dart:async/future_impl.dart:638:7)
#19     Stream.last.<anonymous closure> (dart:async/stream.dart:1614:20)
#20     _rootRun (dart:async/zone.dart:1391:47)
#21     _CustomZone.runGuarded (dart:async/zone.dart:1209:7)
#22     _BufferingStreamSubscription._sendDone.sendDone (dart:async/stream_impl.dart:392:13)
#23     _BufferingStreamSubscription._sendDone (dart:async/stream_impl.dart:402:7)
#24     _DelayedDone.perform (dart:async/stream_impl.dart:534:14)
#25     _PendingEvents.handleNext (dart:async/stream_impl.dart:620:11)
#26     _PendingEvents.schedule.<anonymous closure> (dart:async/stream_impl.dart:591:7)
#27     _rootRun (dart:async/zone.dart:1391:47)
#28     _CustomZone.runGuarded (dart:async/zone.dart:1209:7)
#29     _CustomZone.bindCallbackGuarded.<anonymous closure> (dart:async/zone.dart:1249:23)
#30     _rootRun (dart:async/zone.dart:1399:13)
#31     _CustomZone.runGuarded (dart:async/zone.dart:1209:7)
#32     _CustomZone.bindCallbackGuarded.<anonymous closure> (dart:async/zone.dart:1249:23)
#33     _startMicrotaskLoop (dart:async/schedule_microtask.dart:49:5)
#34     _Timer._runTimers (dart:isolate-patch/timer_impl.dart:405:11)
#35     _RawReceivePort._handleMessage (dart:isolate-patch/isolate_patch.dart:184:12)
```

## flutter doctor

```
[32m[✓][39m Flutter (Channel stable, 3.16.0, on Microsoft Windows [Version
    10.0.22635.2771], locale en-IN)
    [32m•[39m Flutter version 3.16.0 on channel stable at C:\Users\achuh\flutter
    [32m•[39m Upstream repository https://github.com/flutter/flutter.git
    [32m•[39m Framework revision db7ef5bf9f (6 days ago), 2023-11-15 11:25:44 -0800
    [32m•[39m Engine revision 74d16627b9
    [32m•[39m Dart version 3.2.0
    [32m•[39m DevTools version 2.28.2

[32m[✓][39m Windows Version (Installed version of Windows is version 10 or higher)

[32m[✓][39m Android toolchain - develop for Android devices (Android SDK version
    34.0.0)
    [32m•[39m Android SDK at C:\Users\achuh\AppData\Local\Android\Sdk
    [32m•[39m Platform android-34, build-tools 34.0.0
    [32m•[39m ANDROID_HOME = C:\Users\achuh\AppData\Local\Android\Sdk
    [32m•[39m Java binary at: C:\Program Files\Android\Android Studio\jbr\bin\java
    [32m•[39m Java version OpenJDK Runtime Environment (build
      17.0.6+0-b2043.56-10027231)
    [32m•[39m All Android licenses accepted.

[32m[✓][39m Chrome - develop for the web
    [32m•[39m Chrome at C:\Program Files\Google\Chrome\Application\chrome.exe

[32m[✓][39m Visual Studio - develop Windows apps (Visual Studio Community 2022
    17.6.2)
    [32m•[39m Visual Studio at C:\Program Files\Microsoft Visual
      Studio\2022\Community
    [32m•[39m Visual Studio Community 2022 version 17.6.33723.286
    [32m•[39m Windows 10 SDK version 10.0.22621.0

[32m[✓][39m Android Studio (version 2022.3)
    [32m•[39m Android Studio at C:\Program Files\Android\Android Studio
    [32m•[39m Flutter plugin can be installed from:
      🔨 https://plugins.jetbrains.com/plugin/9212-flutter
    [32m•[39m Dart plugin can be installed from:
      🔨 https://plugins.jetbrains.com/plugin/6351-dart
    [32m•[39m Java version OpenJDK Runtime Environment (build
      17.0.6+0-b2043.56-10027231)

[32m[✓][39m VS Code (version 1.84.2)
    [32m•[39m VS Code at C:\Users\achuh\AppData\Local\Programs\Microsoft VS Code
    [32m•[39m Flutter extension can be installed from:
      🔨
      https://marketplace.visualstudio.com/items?itemName=Dart-Code.flutter

[32m[✓][39m Connected device (3 available)
    [32m•[39m Windows (desktop) • windows • windows-x64    • Microsoft Windows
      [Version 10.0.22635.2771]
    [32m•[39m Chrome (web)      • chrome  • web-javascript • Google Chrome
      119.0.6045.160
    [32m•[39m Edge (web)        • edge    • web-javascript • Microsoft Edge
      120.0.2210.7

[32m[✓][39m Network resources
    [32m•[39m All expected network resources are available.

[32m•[39m No issues found!
```
